[debug] [2021-08-21T14:12:43.763Z] ----------------------------------------------------------------------
[debug] [2021-08-21T14:12:43.768Z] Command:       C:\Program Files\nodejs\node.exe C:\Program Files\nodejs\node_modules\firebase-tools\lib\bin\firebase.js init
[debug] [2021-08-21T14:12:43.769Z] CLI Version:   9.16.0
[debug] [2021-08-21T14:12:43.769Z] Platform:      win32
[debug] [2021-08-21T14:12:43.770Z] Node Version:  v16.2.0
[debug] [2021-08-21T14:12:43.772Z] Time:          Sat Aug 21 2021 22:12:43 GMT+0800 (Malaysia Time)
[debug] [2021-08-21T14:12:43.772Z] ----------------------------------------------------------------------
[debug] 
[debug] [2021-08-21T14:12:43.792Z] >>> [apiv2][query] GET https://firebase-public.firebaseio.com/cli.json [none]
[debug] [2021-08-21T14:12:43.855Z] > command requires scopes: ["email","openid","https://www.googleapis.com/auth/cloudplatformprojects.readonly","https://www.googleapis.com/auth/firebase","https://www.googleapis.com/auth/cloud-platform"]
[debug] [2021-08-21T14:12:43.856Z] > authorizing via signed-in user (foxtrotiqmal3@gmail.com)
[info] 
     ######## #### ########  ######## ########     ###     ######  ########
     ##        ##  ##     ## ##       ##     ##  ##   ##  ##       ##
     ######    ##  ########  ######   ########  #########  ######  ######
     ##        ##  ##    ##  ##       ##     ## ##     ##       ## ##
     ##       #### ##     ## ######## ########  ##     ##  ######  ########

You're about to initialize a Firebase project in this directory:

  D:\Iqmal\Documents\flutree_sunset

[debug] [2021-08-21T14:12:47.609Z] <<< [apiv2][status] GET https://firebase-public.firebaseio.com/cli.json 200
[debug] [2021-08-21T14:12:47.610Z] <<< [apiv2][body] GET https://firebase-public.firebaseio.com/cli.json {"cloudBuildErrorAfter":1594252800000,"cloudBuildWarnAfter":1590019200000,"defaultNode10After":1594252800000,"minVersion":"3.0.5","node8DeploysDisabledAfter":1613390400000,"node8RuntimeDisabledAfter":1615809600000,"node8WarnAfter":1600128000000}
